0 info it worked if it ends with ok
1 verbose cli [ 'C:\\Program Files\\nodejs\\node.exe',
1 verbose cli   'C:\\Program Files\\nodejs\\node_modules\\npm\\bin\\npm-cli.js',
1 verbose cli   'install',
1 verbose cli   'memwatch' ]
2 info using npm@3.9.3
3 info using node@v6.2.1
4 silly loadCurrentTree Starting
5 silly install loadCurrentTree
6 silly install readLocalPackageData
7 silly fetchPackageMetaData memwatch
8 silly fetchNamedPackageData memwatch
9 silly mapToRegistry name memwatch
10 silly mapToRegistry using default registry
11 silly mapToRegistry registry https://registry.npmjs.org/
12 silly mapToRegistry data Result {
12 silly mapToRegistry   raw: 'memwatch',
12 silly mapToRegistry   scope: null,
12 silly mapToRegistry   name: 'memwatch',
12 silly mapToRegistry   rawSpec: '',
12 silly mapToRegistry   spec: 'latest',
12 silly mapToRegistry   type: 'tag' }
13 silly mapToRegistry uri https://registry.npmjs.org/memwatch
14 verbose request uri https://registry.npmjs.org/memwatch
15 verbose request no auth needed
16 info attempt registry request try #1 at 23:34:09
17 verbose request id 4ef2ada28de68672
18 verbose etag "65RFYCBEO3AYP4QIA50GL8TVR"
19 http request GET https://registry.npmjs.org/memwatch
20 http 304 https://registry.npmjs.org/memwatch
21 verbose headers { date: 'Tue, 28 Jun 2016 06:34:11 GMT',
21 verbose headers   via: '1.1 varnish',
21 verbose headers   'cache-control': 'max-age=300',
21 verbose headers   etag: '"65RFYCBEO3AYP4QIA50GL8TVR"',
21 verbose headers   age: '0',
21 verbose headers   connection: 'keep-alive',
21 verbose headers   'x-served-by': 'cache-sjc3123-SJC',
21 verbose headers   'x-cache': 'MISS',
21 verbose headers   'x-cache-hits': '0',
21 verbose headers   'x-timer': 'S1467095651.024553,VS0,VE343',
21 verbose headers   vary: 'Accept-Encoding' }
22 silly get cb [ 304,
22 silly get   { date: 'Tue, 28 Jun 2016 06:34:11 GMT',
22 silly get     via: '1.1 varnish',
22 silly get     'cache-control': 'max-age=300',
22 silly get     etag: '"65RFYCBEO3AYP4QIA50GL8TVR"',
22 silly get     age: '0',
22 silly get     connection: 'keep-alive',
22 silly get     'x-served-by': 'cache-sjc3123-SJC',
22 silly get     'x-cache': 'MISS',
22 silly get     'x-cache-hits': '0',
22 silly get     'x-timer': 'S1467095651.024553,VS0,VE343',
22 silly get     vary: 'Accept-Encoding' } ]
23 verbose etag https://registry.npmjs.org/memwatch from cache
24 verbose get saving memwatch to C:\Users\Raul\AppData\Roaming\npm-cache\registry.npmjs.org\memwatch\.cache.json
25 verbose correctMkdir C:\Users\Raul\AppData\Roaming\npm-cache correctMkdir not in flight; initializing
26 silly install normalizeTree
27 silly loadCurrentTree Finishing
28 silly loadIdealTree Starting
29 silly install loadIdealTree
30 silly cloneCurrentTree Starting
31 silly install cloneCurrentTreeToIdealTree
32 silly cloneCurrentTree Finishing
33 silly loadShrinkwrap Starting
34 silly install loadShrinkwrap
35 silly loadShrinkwrap Finishing
36 silly loadAllDepsIntoIdealTree Starting
37 silly install loadAllDepsIntoIdealTree
38 silly resolveWithNewModule memwatch@0.2.2 checking installable status
39 silly cache add args [ 'memwatch', null ]
40 verbose cache add spec memwatch
41 silly cache add parsed spec Result {
41 silly cache add   raw: 'memwatch',
41 silly cache add   scope: null,
41 silly cache add   name: 'memwatch',
41 silly cache add   rawSpec: '',
41 silly cache add   spec: 'latest',
41 silly cache add   type: 'tag' }
42 silly addNamed memwatch@latest
43 verbose addNamed "latest" is being treated as a dist-tag for memwatch
44 info addNameTag [ 'memwatch', 'latest' ]
45 silly mapToRegistry name memwatch
46 silly mapToRegistry using default registry
47 silly mapToRegistry registry https://registry.npmjs.org/
48 silly mapToRegistry data Result {
48 silly mapToRegistry   raw: 'memwatch',
48 silly mapToRegistry   scope: null,
48 silly mapToRegistry   name: 'memwatch',
48 silly mapToRegistry   rawSpec: '',
48 silly mapToRegistry   spec: 'latest',
48 silly mapToRegistry   type: 'tag' }
49 silly mapToRegistry uri https://registry.npmjs.org/memwatch
50 verbose addNameTag registry:https://registry.npmjs.org/memwatch not in flight; fetching
51 verbose get https://registry.npmjs.org/memwatch not expired, no request
52 silly addNameTag next cb for memwatch with tag latest
53 silly addNamed memwatch@0.2.2
54 verbose addNamed "0.2.2" is a plain semver version for memwatch
55 silly cache afterAdd memwatch@0.2.2
56 verbose afterAdd C:\Users\Raul\AppData\Roaming\npm-cache\memwatch\0.2.2\package\package.json not in flight; writing
57 verbose correctMkdir C:\Users\Raul\AppData\Roaming\npm-cache correctMkdir not in flight; initializing
58 verbose afterAdd C:\Users\Raul\AppData\Roaming\npm-cache\memwatch\0.2.2\package\package.json written
59 silly loadAllDepsIntoIdealTree Finishing
60 silly idealTree:prePrune example
60 silly idealTree:prePrune +-- accepts@1.3.3
60 silly idealTree:prePrune +-- ansi-regex@2.0.0
60 silly idealTree:prePrune +-- ansi-styles@2.2.1
60 silly idealTree:prePrune +-- array-flatten@1.1.1
60 silly idealTree:prePrune +-- asn1@0.2.3
60 silly idealTree:prePrune +-- assert-plus@0.2.0
60 silly idealTree:prePrune +-- async@1.5.2
60 silly idealTree:prePrune +-- aws-sign2@0.6.0
60 silly idealTree:prePrune +-- bl@1.0.3
60 silly idealTree:prePrune +-- body-parser@1.15.2
60 silly idealTree:prePrune +-- boom@2.10.1
60 silly idealTree:prePrune +-- bytes@2.4.0
60 silly idealTree:prePrune +-- caseless@0.11.0
60 silly idealTree:prePrune +-- chalk@1.1.3
60 silly idealTree:prePrune +-- combined-stream@1.0.5
60 silly idealTree:prePrune +-- commander@2.9.0
60 silly idealTree:prePrune +-- content-disposition@0.5.1
60 silly idealTree:prePrune +-- content-type@1.0.2
60 silly idealTree:prePrune +-- cookie-signature@1.0.6
60 silly idealTree:prePrune +-- cookie@0.3.1
60 silly idealTree:prePrune +-- core-util-is@1.0.2
60 silly idealTree:prePrune +-- cors@2.7.1
60 silly idealTree:prePrune +-- cryptiles@2.0.5
60 silly idealTree:prePrune +-- dashdash@1.14.0
60 silly idealTree:prePrune | `-- assert-plus@1.0.0
60 silly idealTree:prePrune +-- debug@2.2.0
60 silly idealTree:prePrune +-- delayed-stream@1.0.0
60 silly idealTree:prePrune +-- depd@1.1.0
60 silly idealTree:prePrune +-- destroy@1.0.4
60 silly idealTree:prePrune +-- ecc-jsbn@0.1.1
60 silly idealTree:prePrune +-- ee-first@1.1.1
60 silly idealTree:prePrune +-- encodeurl@1.0.1
60 silly idealTree:prePrune +-- escape-html@1.0.3
60 silly idealTree:prePrune +-- escape-string-regexp@1.0.5
60 silly idealTree:prePrune +-- etag@1.7.0
60 silly idealTree:prePrune +-- express@4.14.0
60 silly idealTree:prePrune +-- extend@3.0.0
60 silly idealTree:prePrune +-- extsprintf@1.0.2
60 silly idealTree:prePrune +-- finalhandler@0.5.0
60 silly idealTree:prePrune +-- forever-agent@0.6.1
60 silly idealTree:prePrune +-- form-data@1.0.0-rc4
60 silly idealTree:prePrune +-- forwarded@0.1.0
60 silly idealTree:prePrune +-- fresh@0.3.0
60 silly idealTree:prePrune +-- generate-function@2.0.0
60 silly idealTree:prePrune +-- generate-object-property@1.2.0
60 silly idealTree:prePrune +-- getpass@0.1.6
60 silly idealTree:prePrune | `-- assert-plus@1.0.0
60 silly idealTree:prePrune +-- graceful-readlink@1.0.1
60 silly idealTree:prePrune +-- har-validator@2.0.6
60 silly idealTree:prePrune +-- has-ansi@2.0.0
60 silly idealTree:prePrune +-- hawk@3.1.3
60 silly idealTree:prePrune +-- hoek@2.16.3
60 silly idealTree:prePrune +-- http-errors@1.5.0
60 silly idealTree:prePrune +-- http-signature@1.1.1
60 silly idealTree:prePrune +-- iconv-lite@0.4.13
60 silly idealTree:prePrune +-- inherits@2.0.1
60 silly idealTree:prePrune +-- ipaddr.js@1.1.1
60 silly idealTree:prePrune +-- is-my-json-valid@2.13.1
60 silly idealTree:prePrune +-- is-property@1.0.2
60 silly idealTree:prePrune +-- is-typedarray@1.0.0
60 silly idealTree:prePrune +-- isarray@1.0.0
60 silly idealTree:prePrune +-- isstream@0.1.2
60 silly idealTree:prePrune +-- jodid25519@1.0.2
60 silly idealTree:prePrune +-- jsbn@0.1.0
60 silly idealTree:prePrune +-- json-schema@0.2.2
60 silly idealTree:prePrune +-- json-stringify-safe@5.0.1
60 silly idealTree:prePrune +-- jsonpointer@2.0.0
60 silly idealTree:prePrune +-- jsprim@1.3.0
60 silly idealTree:prePrune +-- media-typer@0.3.0
60 silly idealTree:prePrune +-- memwatch@0.2.2
60 silly idealTree:prePrune +-- merge-descriptors@1.0.1
60 silly idealTree:prePrune +-- methods@1.1.2
60 silly idealTree:prePrune +-- mime-db@1.23.0
60 silly idealTree:prePrune +-- mime-types@2.1.11
60 silly idealTree:prePrune +-- mime@1.3.4
60 silly idealTree:prePrune +-- ms@0.7.1
60 silly idealTree:prePrune +-- negotiator@0.6.1
60 silly idealTree:prePrune +-- node-uuid@1.4.7
60 silly idealTree:prePrune +-- oauth-sign@0.8.2
60 silly idealTree:prePrune +-- on-finished@2.3.0
60 silly idealTree:prePrune +-- parseurl@1.3.1
60 silly idealTree:prePrune +-- path-to-regexp@0.1.7
60 silly idealTree:prePrune +-- pinkie-promise@2.0.1
60 silly idealTree:prePrune +-- pinkie@2.0.4
60 silly idealTree:prePrune +-- process-nextick-args@1.0.7
60 silly idealTree:prePrune +-- proxy-addr@1.1.2
60 silly idealTree:prePrune +-- pusher@1.3.0
60 silly idealTree:prePrune +-- qs@6.2.0
60 silly idealTree:prePrune +-- range-parser@1.2.0
60 silly idealTree:prePrune +-- raw-body@2.1.7
60 silly idealTree:prePrune +-- readable-stream@2.0.6
60 silly idealTree:prePrune +-- request@2.67.0
60 silly idealTree:prePrune | `-- qs@5.2.0
60 silly idealTree:prePrune +-- send@0.14.1
60 silly idealTree:prePrune +-- serve-static@1.11.1
60 silly idealTree:prePrune +-- setprototypeof@1.0.1
60 silly idealTree:prePrune +-- sntp@1.0.9
60 silly idealTree:prePrune +-- sshpk@1.8.3
60 silly idealTree:prePrune | `-- assert-plus@1.0.0
60 silly idealTree:prePrune +-- statuses@1.3.0
60 silly idealTree:prePrune +-- string_decoder@0.10.31
60 silly idealTree:prePrune +-- stringstream@0.0.5
60 silly idealTree:prePrune +-- strip-ansi@3.0.1
60 silly idealTree:prePrune +-- supports-color@2.0.0
60 silly idealTree:prePrune +-- tough-cookie@2.2.2
60 silly idealTree:prePrune +-- tunnel-agent@0.4.3
60 silly idealTree:prePrune +-- tweetnacl@0.13.3
60 silly idealTree:prePrune +-- type-is@1.6.13
60 silly idealTree:prePrune +-- unpipe@1.0.0
60 silly idealTree:prePrune +-- util-deprecate@1.0.2
60 silly idealTree:prePrune +-- utils-merge@1.0.0
60 silly idealTree:prePrune +-- vary@1.1.0
60 silly idealTree:prePrune +-- verror@1.3.6
60 silly idealTree:prePrune `-- xtend@4.0.1
61 silly loadIdealTree Finishing
62 silly currentTree example
62 silly currentTree +-- accepts@1.3.3
62 silly currentTree +-- ansi-regex@2.0.0
62 silly currentTree +-- ansi-styles@2.2.1
62 silly currentTree +-- array-flatten@1.1.1
62 silly currentTree +-- asn1@0.2.3
62 silly currentTree +-- assert-plus@0.2.0
62 silly currentTree +-- async@1.5.2
62 silly currentTree +-- aws-sign2@0.6.0
62 silly currentTree +-- bl@1.0.3
62 silly currentTree +-- body-parser@1.15.2
62 silly currentTree +-- boom@2.10.1
62 silly currentTree +-- bytes@2.4.0
62 silly currentTree +-- caseless@0.11.0
62 silly currentTree +-- chalk@1.1.3
62 silly currentTree +-- combined-stream@1.0.5
62 silly currentTree +-- commander@2.9.0
62 silly currentTree +-- content-disposition@0.5.1
62 silly currentTree +-- content-type@1.0.2
62 silly currentTree +-- cookie-signature@1.0.6
62 silly currentTree +-- cookie@0.3.1
62 silly currentTree +-- core-util-is@1.0.2
62 silly currentTree +-- cors@2.7.1
62 silly currentTree +-- cryptiles@2.0.5
62 silly currentTree +-- dashdash@1.14.0
62 silly currentTree | `-- assert-plus@1.0.0
62 silly currentTree +-- debug@2.2.0
62 silly currentTree +-- delayed-stream@1.0.0
62 silly currentTree +-- depd@1.1.0
62 silly currentTree +-- destroy@1.0.4
62 silly currentTree +-- ecc-jsbn@0.1.1
62 silly currentTree +-- ee-first@1.1.1
62 silly currentTree +-- encodeurl@1.0.1
62 silly currentTree +-- escape-html@1.0.3
62 silly currentTree +-- escape-string-regexp@1.0.5
62 silly currentTree +-- etag@1.7.0
62 silly currentTree +-- express@4.14.0
62 silly currentTree +-- extend@3.0.0
62 silly currentTree +-- extsprintf@1.0.2
62 silly currentTree +-- finalhandler@0.5.0
62 silly currentTree +-- forever-agent@0.6.1
62 silly currentTree +-- form-data@1.0.0-rc4
62 silly currentTree +-- forwarded@0.1.0
62 silly currentTree +-- fresh@0.3.0
62 silly currentTree +-- generate-function@2.0.0
62 silly currentTree +-- generate-object-property@1.2.0
62 silly currentTree +-- getpass@0.1.6
62 silly currentTree | `-- assert-plus@1.0.0
62 silly currentTree +-- graceful-readlink@1.0.1
62 silly currentTree +-- har-validator@2.0.6
62 silly currentTree +-- has-ansi@2.0.0
62 silly currentTree +-- hawk@3.1.3
62 silly currentTree +-- hoek@2.16.3
62 silly currentTree +-- http-errors@1.5.0
62 silly currentTree +-- http-signature@1.1.1
62 silly currentTree +-- iconv-lite@0.4.13
62 silly currentTree +-- inherits@2.0.1
62 silly currentTree +-- ipaddr.js@1.1.1
62 silly currentTree +-- is-my-json-valid@2.13.1
62 silly currentTree +-- is-property@1.0.2
62 silly currentTree +-- is-typedarray@1.0.0
62 silly currentTree +-- isarray@1.0.0
62 silly currentTree +-- isstream@0.1.2
62 silly currentTree +-- jodid25519@1.0.2
62 silly currentTree +-- jsbn@0.1.0
62 silly currentTree +-- json-schema@0.2.2
62 silly currentTree +-- json-stringify-safe@5.0.1
62 silly currentTree +-- jsonpointer@2.0.0
62 silly currentTree +-- jsprim@1.3.0
62 silly currentTree +-- media-typer@0.3.0
62 silly currentTree +-- merge-descriptors@1.0.1
62 silly currentTree +-- methods@1.1.2
62 silly currentTree +-- mime-db@1.23.0
62 silly currentTree +-- mime-types@2.1.11
62 silly currentTree +-- mime@1.3.4
62 silly currentTree +-- ms@0.7.1
62 silly currentTree +-- negotiator@0.6.1
62 silly currentTree +-- node-uuid@1.4.7
62 silly currentTree +-- oauth-sign@0.8.2
62 silly currentTree +-- on-finished@2.3.0
62 silly currentTree +-- parseurl@1.3.1
62 silly currentTree +-- path-to-regexp@0.1.7
62 silly currentTree +-- pinkie-promise@2.0.1
62 silly currentTree +-- pinkie@2.0.4
62 silly currentTree +-- process-nextick-args@1.0.7
62 silly currentTree +-- proxy-addr@1.1.2
62 silly currentTree +-- pusher@1.3.0
62 silly currentTree +-- qs@6.2.0
62 silly currentTree +-- range-parser@1.2.0
62 silly currentTree +-- raw-body@2.1.7
62 silly currentTree +-- readable-stream@2.0.6
62 silly currentTree +-- request@2.67.0
62 silly currentTree | `-- qs@5.2.0
62 silly currentTree +-- send@0.14.1
62 silly currentTree +-- serve-static@1.11.1
62 silly currentTree +-- setprototypeof@1.0.1
62 silly currentTree +-- sntp@1.0.9
62 silly currentTree +-- sshpk@1.8.3
62 silly currentTree | `-- assert-plus@1.0.0
62 silly currentTree +-- statuses@1.3.0
62 silly currentTree +-- string_decoder@0.10.31
62 silly currentTree +-- stringstream@0.0.5
62 silly currentTree +-- strip-ansi@3.0.1
62 silly currentTree +-- supports-color@2.0.0
62 silly currentTree +-- tough-cookie@2.2.2
62 silly currentTree +-- tunnel-agent@0.4.3
62 silly currentTree +-- tweetnacl@0.13.3
62 silly currentTree +-- type-is@1.6.13
62 silly currentTree +-- unpipe@1.0.0
62 silly currentTree +-- util-deprecate@1.0.2
62 silly currentTree +-- utils-merge@1.0.0
62 silly currentTree +-- vary@1.1.0
62 silly currentTree +-- verror@1.3.6
62 silly currentTree `-- xtend@4.0.1
63 silly idealTree example
63 silly idealTree +-- accepts@1.3.3
63 silly idealTree +-- ansi-regex@2.0.0
63 silly idealTree +-- ansi-styles@2.2.1
63 silly idealTree +-- array-flatten@1.1.1
63 silly idealTree +-- asn1@0.2.3
63 silly idealTree +-- assert-plus@0.2.0
63 silly idealTree +-- async@1.5.2
63 silly idealTree +-- aws-sign2@0.6.0
63 silly idealTree +-- bl@1.0.3
63 silly idealTree +-- body-parser@1.15.2
63 silly idealTree +-- boom@2.10.1
63 silly idealTree +-- bytes@2.4.0
63 silly idealTree +-- caseless@0.11.0
63 silly idealTree +-- chalk@1.1.3
63 silly idealTree +-- combined-stream@1.0.5
63 silly idealTree +-- commander@2.9.0
63 silly idealTree +-- content-disposition@0.5.1
63 silly idealTree +-- content-type@1.0.2
63 silly idealTree +-- cookie-signature@1.0.6
63 silly idealTree +-- cookie@0.3.1
63 silly idealTree +-- core-util-is@1.0.2
63 silly idealTree +-- cors@2.7.1
63 silly idealTree +-- cryptiles@2.0.5
63 silly idealTree +-- dashdash@1.14.0
63 silly idealTree | `-- assert-plus@1.0.0
63 silly idealTree +-- debug@2.2.0
63 silly idealTree +-- delayed-stream@1.0.0
63 silly idealTree +-- depd@1.1.0
63 silly idealTree +-- destroy@1.0.4
63 silly idealTree +-- ecc-jsbn@0.1.1
63 silly idealTree +-- ee-first@1.1.1
63 silly idealTree +-- encodeurl@1.0.1
63 silly idealTree +-- escape-html@1.0.3
63 silly idealTree +-- escape-string-regexp@1.0.5
63 silly idealTree +-- etag@1.7.0
63 silly idealTree +-- express@4.14.0
63 silly idealTree +-- extend@3.0.0
63 silly idealTree +-- extsprintf@1.0.2
63 silly idealTree +-- finalhandler@0.5.0
63 silly idealTree +-- forever-agent@0.6.1
63 silly idealTree +-- form-data@1.0.0-rc4
63 silly idealTree +-- forwarded@0.1.0
63 silly idealTree +-- fresh@0.3.0
63 silly idealTree +-- generate-function@2.0.0
63 silly idealTree +-- generate-object-property@1.2.0
63 silly idealTree +-- getpass@0.1.6
63 silly idealTree | `-- assert-plus@1.0.0
63 silly idealTree +-- graceful-readlink@1.0.1
63 silly idealTree +-- har-validator@2.0.6
63 silly idealTree +-- has-ansi@2.0.0
63 silly idealTree +-- hawk@3.1.3
63 silly idealTree +-- hoek@2.16.3
63 silly idealTree +-- http-errors@1.5.0
63 silly idealTree +-- http-signature@1.1.1
63 silly idealTree +-- iconv-lite@0.4.13
63 silly idealTree +-- inherits@2.0.1
63 silly idealTree +-- ipaddr.js@1.1.1
63 silly idealTree +-- is-my-json-valid@2.13.1
63 silly idealTree +-- is-property@1.0.2
63 silly idealTree +-- is-typedarray@1.0.0
63 silly idealTree +-- isarray@1.0.0
63 silly idealTree +-- isstream@0.1.2
63 silly idealTree +-- jodid25519@1.0.2
63 silly idealTree +-- jsbn@0.1.0
63 silly idealTree +-- json-schema@0.2.2
63 silly idealTree +-- json-stringify-safe@5.0.1
63 silly idealTree +-- jsonpointer@2.0.0
63 silly idealTree +-- jsprim@1.3.0
63 silly idealTree +-- media-typer@0.3.0
63 silly idealTree +-- memwatch@0.2.2
63 silly idealTree +-- merge-descriptors@1.0.1
63 silly idealTree +-- methods@1.1.2
63 silly idealTree +-- mime-db@1.23.0
63 silly idealTree +-- mime-types@2.1.11
63 silly idealTree +-- mime@1.3.4
63 silly idealTree +-- ms@0.7.1
63 silly idealTree +-- negotiator@0.6.1
63 silly idealTree +-- node-uuid@1.4.7
63 silly idealTree +-- oauth-sign@0.8.2
63 silly idealTree +-- on-finished@2.3.0
63 silly idealTree +-- parseurl@1.3.1
63 silly idealTree +-- path-to-regexp@0.1.7
63 silly idealTree +-- pinkie-promise@2.0.1
63 silly idealTree +-- pinkie@2.0.4
63 silly idealTree +-- process-nextick-args@1.0.7
63 silly idealTree +-- proxy-addr@1.1.2
63 silly idealTree +-- pusher@1.3.0
63 silly idealTree +-- qs@6.2.0
63 silly idealTree +-- range-parser@1.2.0
63 silly idealTree +-- raw-body@2.1.7
63 silly idealTree +-- readable-stream@2.0.6
63 silly idealTree +-- request@2.67.0
63 silly idealTree | `-- qs@5.2.0
63 silly idealTree +-- send@0.14.1
63 silly idealTree +-- serve-static@1.11.1
63 silly idealTree +-- setprototypeof@1.0.1
63 silly idealTree +-- sntp@1.0.9
63 silly idealTree +-- sshpk@1.8.3
63 silly idealTree | `-- assert-plus@1.0.0
63 silly idealTree +-- statuses@1.3.0
63 silly idealTree +-- string_decoder@0.10.31
63 silly idealTree +-- stringstream@0.0.5
63 silly idealTree +-- strip-ansi@3.0.1
63 silly idealTree +-- supports-color@2.0.0
63 silly idealTree +-- tough-cookie@2.2.2
63 silly idealTree +-- tunnel-agent@0.4.3
63 silly idealTree +-- tweetnacl@0.13.3
63 silly idealTree +-- type-is@1.6.13
63 silly idealTree +-- unpipe@1.0.0
63 silly idealTree +-- util-deprecate@1.0.2
63 silly idealTree +-- utils-merge@1.0.0
63 silly idealTree +-- vary@1.1.0
63 silly idealTree +-- verror@1.3.6
63 silly idealTree `-- xtend@4.0.1
64 silly generateActionsToTake Starting
65 silly install generateActionsToTake
66 silly generateActionsToTake Finishing
67 silly diffTrees action count 2
68 silly diffTrees update cors@2.7.1
69 silly diffTrees add memwatch@0.2.2
70 silly decomposeActions action count 16
71 silly decomposeActions fetch cors@2.7.1
72 silly decomposeActions extract cors@2.7.1
73 silly decomposeActions test cors@2.7.1
74 silly decomposeActions preinstall cors@2.7.1
75 silly decomposeActions build cors@2.7.1
76 silly decomposeActions install cors@2.7.1
77 silly decomposeActions postinstall cors@2.7.1
78 silly decomposeActions finalize cors@2.7.1
79 silly decomposeActions fetch memwatch@0.2.2
80 silly decomposeActions extract memwatch@0.2.2
81 silly decomposeActions test memwatch@0.2.2
82 silly decomposeActions preinstall memwatch@0.2.2
83 silly decomposeActions build memwatch@0.2.2
84 silly decomposeActions install memwatch@0.2.2
85 silly decomposeActions postinstall memwatch@0.2.2
86 silly decomposeActions finalize memwatch@0.2.2
87 silly executeActions Starting
88 silly install executeActions
89 silly doSerial global-install 0
90 silly doParallel fetch 2
91 verbose correctMkdir C:\Users\Raul\AppData\Roaming\npm-cache\_locks correctMkdir not in flight; initializing
92 verbose lock using C:\Users\Raul\AppData\Roaming\npm-cache\_locks\staging-0be91fb57bf65c5b.lock for D:\Proyectos\example\node_modules\.staging
93 silly doParallel extract 2
94 silly extract cors@2.7.1
95 silly extract memwatch@0.2.2
96 verbose unbuild node_modules\.staging\cors-945dd54e
97 verbose unbuild node_modules\.staging\memwatch-ff7b2a2c
98 silly gentlyRm D:\Proyectos\example\node_modules\.staging\memwatch-ff7b2a2c is being purged from base D:\Proyectos\example
99 verbose gentlyRm don't care about contents; nuking D:\Proyectos\example\node_modules\.staging\memwatch-ff7b2a2c
100 silly gentlyRm D:\Proyectos\example\node_modules\.staging\cors-945dd54e is being purged from base D:\Proyectos\example
101 verbose gentlyRm don't care about contents; nuking D:\Proyectos\example\node_modules\.staging\cors-945dd54e
102 verbose tar unpack C:\Users\Raul\AppData\Roaming\npm-cache\memwatch\0.2.2\package.tgz
103 verbose tar unpacking to D:\Proyectos\example\node_modules\.staging\memwatch-ff7b2a2c
104 silly gentlyRm D:\Proyectos\example\node_modules\.staging\memwatch-ff7b2a2c is being purged
105 verbose gentlyRm don't care about contents; nuking D:\Proyectos\example\node_modules\.staging\memwatch-ff7b2a2c
106 verbose tar unpack C:\Users\Raul\AppData\Roaming\npm-cache\cors\2.7.1\package.tgz
107 verbose tar unpacking to D:\Proyectos\example\node_modules\.staging\cors-945dd54e
108 silly gentlyRm D:\Proyectos\example\node_modules\.staging\cors-945dd54e is being purged
109 verbose gentlyRm don't care about contents; nuking D:\Proyectos\example\node_modules\.staging\cors-945dd54e
110 silly gunzTarPerm modes [ '777', '666' ]
111 silly gunzTarPerm modes [ '777', '666' ]
112 silly gunzTarPerm extractEntry package.json
113 silly gunzTarPerm modified mode [ 'package.json', 420, 438 ]
114 silly gunzTarPerm extractEntry package.json
115 silly gunzTarPerm modified mode [ 'package.json', 420, 438 ]
116 silly gunzTarPerm extractEntry .npmignore
117 silly gunzTarPerm modified mode [ '.npmignore', 420, 438 ]
118 silly gunzTarPerm extractEntry README.md
119 silly gunzTarPerm modified mode [ 'README.md', 420, 438 ]
120 silly gunzTarPerm extractEntry .npmignore
121 silly gunzTarPerm modified mode [ '.npmignore', 420, 438 ]
122 silly gunzTarPerm extractEntry README.md
123 silly gunzTarPerm modified mode [ 'README.md', 420, 438 ]
124 silly gunzTarPerm extractEntry tests.js
125 silly gunzTarPerm modified mode [ 'tests.js', 420, 438 ]
126 silly gunzTarPerm extractEntry foo.js
127 silly gunzTarPerm modified mode [ 'foo.js', 420, 438 ]
128 silly gunzTarPerm extractEntry LICENSE
129 silly gunzTarPerm modified mode [ 'LICENSE', 420, 438 ]
130 silly gunzTarPerm extractEntry CONTRIBUTING.md
131 silly gunzTarPerm modified mode [ 'CONTRIBUTING.md', 420, 438 ]
132 silly gunzTarPerm extractEntry include.js
133 silly gunzTarPerm modified mode [ 'include.js', 420, 438 ]
134 silly gunzTarPerm extractEntry .travis.yml
135 silly gunzTarPerm modified mode [ '.travis.yml', 420, 438 ]
136 silly gunzTarPerm extractEntry .eslintrc
137 silly gunzTarPerm modified mode [ '.eslintrc', 420, 438 ]
138 silly gunzTarPerm extractEntry lib/index.js
139 silly gunzTarPerm modified mode [ 'lib/index.js', 420, 438 ]
140 silly gunzTarPerm extractEntry ChangeLog
141 silly gunzTarPerm modified mode [ 'ChangeLog', 420, 438 ]
142 silly gunzTarPerm extractEntry #wscript#
143 silly gunzTarPerm modified mode [ '#wscript#', 420, 438 ]
144 silly gunzTarPerm extractEntry .travis.yml
145 silly gunzTarPerm modified mode [ '.travis.yml', 420, 438 ]
146 silly gunzTarPerm extractEntry binding.gyp
147 silly gunzTarPerm modified mode [ 'binding.gyp', 420, 438 ]
148 silly gunzTarPerm extractEntry test/basic-auth.js
149 silly gunzTarPerm modified mode [ 'test/basic-auth.js', 420, 438 ]
150 silly gunzTarPerm extractEntry test/body-events.js
151 silly gunzTarPerm modified mode [ 'test/body-events.js', 420, 438 ]
152 silly gunzTarPerm extractEntry src/heapdiff.cc
153 silly gunzTarPerm modified mode [ 'src/heapdiff.cc', 420, 438 ]
154 silly gunzTarPerm extractEntry src/heapdiff.hh
155 silly gunzTarPerm modified mode [ 'src/heapdiff.hh', 420, 438 ]
156 silly gunzTarPerm extractEntry test/cors.js
157 silly gunzTarPerm modified mode [ 'test/cors.js', 420, 438 ]
158 silly gunzTarPerm extractEntry test/error-response.js
159 silly gunzTarPerm modified mode [ 'test/error-response.js', 420, 438 ]
160 silly gunzTarPerm extractEntry src/init.cc
161 silly gunzTarPerm modified mode [ 'src/init.cc', 420, 438 ]
162 silly gunzTarPerm extractEntry src/memwatch.cc
163 silly gunzTarPerm modified mode [ 'src/memwatch.cc', 420, 438 ]
164 silly gunzTarPerm extractEntry test/example-app.js
165 silly gunzTarPerm modified mode [ 'test/example-app.js', 420, 438 ]
166 silly gunzTarPerm extractEntry test/issue-2.js
167 silly gunzTarPerm modified mode [ 'test/issue-2.js', 420, 438 ]
168 silly gunzTarPerm extractEntry src/memwatch.hh
169 silly gunzTarPerm modified mode [ 'src/memwatch.hh', 420, 438 ]
170 silly gunzTarPerm extractEntry src/platformcompat.hh
171 silly gunzTarPerm modified mode [ 'src/platformcompat.hh', 420, 438 ]
172 silly gunzTarPerm extractEntry test/issue-31.js
173 silly gunzTarPerm modified mode [ 'test/issue-31.js', 420, 438 ]
174 silly gunzTarPerm extractEntry test/mocha.opts
175 silly gunzTarPerm modified mode [ 'test/mocha.opts', 420, 438 ]
176 silly gunzTarPerm extractEntry src/util.cc
177 silly gunzTarPerm modified mode [ 'src/util.cc', 420, 438 ]
178 silly gunzTarPerm extractEntry src/util.hh
179 silly gunzTarPerm modified mode [ 'src/util.hh', 420, 438 ]
180 silly gunzTarPerm extractEntry examples/basic_heapdiff.js
181 silly gunzTarPerm modified mode [ 'examples/basic_heapdiff.js', 420, 438 ]
182 silly gunzTarPerm extractEntry examples/do_nothing_server.js
183 silly gunzTarPerm modified mode [ 'examples/do_nothing_server.js', 420, 438 ]
184 silly gunzTarPerm extractEntry examples/slightly_leaky.js
185 silly gunzTarPerm modified mode [ 'examples/slightly_leaky.js', 420, 438 ]
186 silly gentlyRm D:\Proyectos\example\node_modules\.staging\cors-945dd54e\node_modules is being purged
187 verbose gentlyRm don't care about contents; nuking D:\Proyectos\example\node_modules\.staging\cors-945dd54e\node_modules
188 silly gentlyRm D:\Proyectos\example\node_modules\.staging\memwatch-ff7b2a2c\node_modules is being purged
189 verbose gentlyRm don't care about contents; nuking D:\Proyectos\example\node_modules\.staging\memwatch-ff7b2a2c\node_modules
190 silly doParallel preinstall 2
191 silly preinstall cors@2.7.1 D:\Proyectos\example\node_modules\.staging\cors-945dd54e
192 info lifecycle cors@2.7.1~preinstall: cors@2.7.1
193 silly preinstall memwatch@0.2.2 D:\Proyectos\example\node_modules\.staging\memwatch-ff7b2a2c
194 info lifecycle memwatch@0.2.2~preinstall: memwatch@0.2.2
195 silly lifecycle cors@2.7.1~preinstall: no script for preinstall, continuing
196 silly lifecycle memwatch@0.2.2~preinstall: no script for preinstall, continuing
197 silly doReverseSerial remove 0
198 silly doSerial move 0
199 silly doSerial finalize 2
200 silly finalize D:\Proyectos\example\node_modules\cors
201 silly finalize D:\Proyectos\example\node_modules\memwatch
202 silly doSerial build 2
203 silly build cors@2.7.1
204 info linkStuff cors@2.7.1
205 silly linkStuff cors@2.7.1 has D:\Proyectos\example\node_modules as its parent node_modules
206 verbose linkBins cors@2.7.1
207 verbose linkMans cors@2.7.1
208 silly build memwatch@0.2.2
209 info linkStuff memwatch@0.2.2
210 silly linkStuff memwatch@0.2.2 has D:\Proyectos\example\node_modules as its parent node_modules
211 verbose linkBins memwatch@0.2.2
212 verbose linkMans memwatch@0.2.2
213 silly doSerial global-link 0
214 silly doParallel update-linked 0
215 silly doSerial install 2
216 silly install cors@2.7.1 D:\Proyectos\example\node_modules\.staging\cors-945dd54e
217 info lifecycle cors@2.7.1~install: cors@2.7.1
218 silly lifecycle cors@2.7.1~install: no script for install, continuing
219 silly install memwatch@0.2.2 D:\Proyectos\example\node_modules\.staging\memwatch-ff7b2a2c
220 info lifecycle memwatch@0.2.2~install: memwatch@0.2.2
221 verbose lifecycle memwatch@0.2.2~install: unsafe-perm in lifecycle true
222 verbose lifecycle memwatch@0.2.2~install: PATH: C:\Program Files\nodejs\node_modules\npm\bin\node-gyp-bin;D:\Proyectos\example\node_modules\memwatch\node_modules\.bin;D:\Proyectos\example\node_modules\.bin;C:\Program Files\nodejs;C:\WINDOWS\system32;C:\WINDOWS;C:\WINDOWS\System32\Wbem;C:\WINDOWS\System32\WindowsPowerShell\v1.0\;C:\Program Files (x86)\ATI Technologies\ATI.ACE\Core-Static;C:\Program Files (x86)\AMD\ATI.ACE\Core-Static;C:\Program Files (x86)\Skype\Phone\;C:\adb;C:\Go\bin;C:\Program Files\nodejs\;C:\Users\Raul\AppData\Local\GitHub\PortableGit_d76a6a98c9315931ec4927243517bc09e9b731a0\cmd;C:\Users\Raul\AppData\Roaming\npm
223 verbose lifecycle memwatch@0.2.2~install: CWD: D:\Proyectos\example\node_modules\memwatch
224 silly lifecycle memwatch@0.2.2~install: Args: [ '/d /s /c', 'node-gyp rebuild' ]
225 silly lifecycle memwatch@0.2.2~install: Returned: code: 1  signal: null
226 info lifecycle memwatch@0.2.2~install: Failed to exec install script
227 verbose unlock done using C:\Users\Raul\AppData\Roaming\npm-cache\_locks\staging-0be91fb57bf65c5b.lock for D:\Proyectos\example\node_modules\.staging
228 silly rollbackFailedOptional Starting
229 silly rollbackFailedOptional Finishing
230 silly runTopLevelLifecycles Starting
231 silly runTopLevelLifecycles Finishing
232 silly install printInstalled
233 warn enoent ENOENT: no such file or directory, open 'D:\Proyectos\example\package.json'
234 warn example No description
235 warn example No repository field.
236 warn example No README data
237 warn example No license field.
238 verbose stack Error: memwatch@0.2.2 install: `node-gyp rebuild`
238 verbose stack Exit status 1
238 verbose stack     at EventEmitter.<anonymous> (C:\Program Files\nodejs\node_modules\npm\lib\utils\lifecycle.js:245:16)
238 verbose stack     at emitTwo (events.js:106:13)
238 verbose stack     at EventEmitter.emit (events.js:191:7)
238 verbose stack     at ChildProcess.<anonymous> (C:\Program Files\nodejs\node_modules\npm\lib\utils\spawn.js:24:14)
238 verbose stack     at emitTwo (events.js:106:13)
238 verbose stack     at ChildProcess.emit (events.js:191:7)
238 verbose stack     at maybeClose (internal/child_process.js:852:16)
238 verbose stack     at Process.ChildProcess._handle.onexit (internal/child_process.js:215:5)
239 verbose pkgid memwatch@0.2.2
240 verbose cwd D:\Proyectos\example
241 error Windows_NT 10.0.10586
242 error argv "C:\\Program Files\\nodejs\\node.exe" "C:\\Program Files\\nodejs\\node_modules\\npm\\bin\\npm-cli.js" "install" "memwatch"
243 error node v6.2.1
244 error npm  v3.9.3
245 error code ELIFECYCLE
246 error memwatch@0.2.2 install: `node-gyp rebuild`
246 error Exit status 1
247 error Failed at the memwatch@0.2.2 install script 'node-gyp rebuild'.
247 error Make sure you have the latest version of node.js and npm installed.
247 error If you do, this is most likely a problem with the memwatch package,
247 error not with npm itself.
247 error Tell the author that this fails on your system:
247 error     node-gyp rebuild
247 error You can get information on how to open an issue for this project with:
247 error     npm bugs memwatch
247 error Or if that isn't available, you can get their info via:
247 error     npm owner ls memwatch
247 error There is likely additional logging output above.
248 verbose exit [ 1, true ]
